Log creado
[15/5/2026, 6:01:16 p.m.] 🚀 Onnexa Sync Daemon iniciado
[15/5/2026, 6:01:16 p.m.]    Sync rápido: cada hora (3 días)
[15/5/2026, 6:01:16 p.m.]    Sync completo: cada 24 horas (30 días)
[15/5/2026, 6:01:17 p.m.] ✅ Servidor detectado. Primer sync...
[15/5/2026, 6:01:17 p.m.] 🔄 Iniciando sync (7 días)...
[15/5/2026, 6:01:18 p.m.]   ✅ Glowmmi: 146 órdenes, 8 días
[15/5/2026, 6:01:18 p.m.]   ✅ Balanceaa: 13 órdenes, 7 días
[15/5/2026, 6:01:18 p.m.]   📊 Total: 159 órdenes, 15 días sincronizados
[15/5/2026, 6:01:18 p.m.] ✅ Daemon activo. Próximo sync en 1 hora.
[15/5/2026, 6:02:06 p.m.] 🚀 Onnexa Sync Daemon iniciado
[15/5/2026, 6:02:06 p.m.]    Sync rápido: cada hora (3 días)
[15/5/2026, 6:02:06 p.m.]    Sync completo: cada 24 horas (30 días)
[15/5/2026, 6:02:08 p.m.] ✅ Servidor detectado. Primer sync...
[15/5/2026, 6:02:08 p.m.] 🔄 Iniciando sync (7 días)...
[15/5/2026, 6:02:09 p.m.]   ✅ Glowmmi: 146 órdenes, 8 días
[15/5/2026, 6:02:09 p.m.]   ✅ Balanceaa: 13 órdenes, 7 días
[15/5/2026, 6:02:09 p.m.]   📊 Total: 159 órdenes, 15 días sincronizados
[15/5/2026, 6:02:09 p.m.] ✅ Daemon activo. Próximo sync en 1 hora.
[15/5/2026, 6:05:11 p.m.] 👋 Daemon detenido.
[15/5/2026, 6:18:39 p.m.] 🚀 Onnexa Sync Daemon iniciado
[15/5/2026, 6:18:39 p.m.]    Sync rápido: cada hora (3 días)
[15/5/2026, 6:18:39 p.m.]    Sync completo: cada 24 horas (30 días)
[15/5/2026, 6:18:40 p.m.] ✅ Servidor detectado. Primer sync...
[15/5/2026, 6:18:40 p.m.] 🔄 Iniciando sync (7 días)...
[15/5/2026, 6:18:42 p.m.]   ✅ Glowmmi: 147 órdenes, 8 días
[15/5/2026, 6:18:42 p.m.]   ✅ Balanceaa: 13 órdenes, 7 días
[15/5/2026, 6:18:42 p.m.]   📊 Total: 160 órdenes, 15 días sincronizados
[15/5/2026, 6:18:42 p.m.] ✅ Daemon activo. Próximo sync en 1 hora.
[15/5/2026, 6:22:28 p.m.] 👋 Daemon detenido.
[15/5/2026, 6:30:16 p.m.] 🚀 Onnexa Sync Daemon iniciado
[15/5/2026, 6:30:16 p.m.]    Sync rápido: cada hora (3 días)
[15/5/2026, 6:30:16 p.m.]    Sync completo: cada 24 horas (30 días)
[15/5/2026, 6:30:18 p.m.] ✅ Servidor detectado. Primer sync...
[15/5/2026, 6:30:18 p.m.] 🔄 Iniciando sync (7 días)...
[15/5/2026, 6:30:20 p.m.]   ✅ Glowmmi: 148 órdenes, 8 días
[15/5/2026, 6:30:20 p.m.]   ✅ Balanceaa: 13 órdenes, 7 días
[15/5/2026, 6:30:20 p.m.]   📊 Total: 161 órdenes, 15 días sincronizados
[15/5/2026, 6:30:20 p.m.] ✅ Daemon activo. Próximo sync en 1 hora.
[15/5/2026, 6:31:27 p.m.] 👋 Daemon detenido.
[15/5/2026, 6:40:56 p.m.] 🚀 Onnexa Sync Daemon iniciado
[15/5/2026, 6:40:56 p.m.]    Sync rápido: cada hora (3 días)
[15/5/2026, 6:40:56 p.m.]    Sync completo: cada 24 horas (30 días)
[15/5/2026, 6:40:58 p.m.] ✅ Servidor detectado. Primer sync...
[15/5/2026, 6:40:58 p.m.] 🔄 Iniciando sync (7 días)...
[15/5/2026, 6:41:00 p.m.]   ✅ Glowmmi: 148 órdenes, 8 días
[15/5/2026, 6:41:00 p.m.]   ✅ Balanceaa: 13 órdenes, 7 días
[15/5/2026, 6:41:00 p.m.]   📊 Total: 161 órdenes, 15 días sincronizados
[15/5/2026, 6:41:00 p.m.] ✅ Daemon activo. Próximo sync en 1 hora.
[15/5/2026, 7:00:18 p.m.] 🚀 Onnexa Sync Daemon iniciado
[15/5/2026, 7:00:18 p.m.]    Sync rápido: cada hora (3 días)
[15/5/2026, 7:00:18 p.m.]    Sync completo: cada 24 horas (30 días)
[15/5/2026, 7:00:20 p.m.] ✅ Servidor detectado. Primer sync...
[15/5/2026, 7:00:20 p.m.] 🔄 Iniciando sync (7 días)...
[15/5/2026, 7:00:22 p.m.]   ✅ Glowmmi: 147 órdenes, 8 días
[15/5/2026, 7:00:22 p.m.]   ✅ Balanceaa: 13 órdenes, 7 días
[15/5/2026, 7:00:22 p.m.]   📊 Total: 160 órdenes, 15 días sincronizados
[15/5/2026, 7:00:22 p.m.] ✅ Daemon activo. Próximo sync en 1 hora.
[15/5/2026, 7:48:33 p.m.] 🚀 Onnexa Sync Daemon iniciado
[15/5/2026, 7:48:33 p.m.]    Sync rápido: cada hora (3 días)
[15/5/2026, 7:48:33 p.m.]    Sync completo: cada 24 horas (30 días)
[15/5/2026, 7:48:36 p.m.] ✅ Servidor detectado. Primer sync...
[15/5/2026, 7:48:36 p.m.] 🔄 Iniciando sync (7 días)...
[15/5/2026, 7:48:37 p.m.]   ✅ Glowmmi: 147 órdenes, 8 días
[15/5/2026, 7:48:37 p.m.]   ✅ Balanceaa: 13 órdenes, 7 días
[15/5/2026, 7:48:37 p.m.]   📊 Total: 160 órdenes, 15 días sincronizados
[15/5/2026, 7:48:37 p.m.] ✅ Daemon activo. Próximo sync en 1 hora.
[15/5/2026, 7:51:57 p.m.] 🚀 Onnexa Sync Daemon iniciado
[15/5/2026, 7:51:57 p.m.]    Sync rápido: cada hora (3 días)
[15/5/2026, 7:51:57 p.m.]    Sync completo: cada 24 horas (30 días)
[15/5/2026, 7:51:58 p.m.] ✅ Servidor detectado. Primer sync...
[15/5/2026, 7:51:58 p.m.] 🔄 Iniciando sync (7 días)...
[15/5/2026, 7:52:00 p.m.]   ✅ Glowmmi: 146 órdenes, 8 días
[15/5/2026, 7:52:00 p.m.]   ✅ Balanceaa: 13 órdenes, 7 días
[15/5/2026, 7:52:00 p.m.]   📊 Total: 159 órdenes, 15 días sincronizados
[15/5/2026, 7:52:00 p.m.] ✅ Daemon activo. Próximo sync en 1 hora.
[15/5/2026, 7:52:10 p.m.] 🚀 Onnexa Sync Daemon iniciado
[15/5/2026, 7:52:10 p.m.]    Sync rápido: cada hora (3 días)
[15/5/2026, 7:52:10 p.m.]    Sync completo: cada 24 horas (30 días)
[15/5/2026, 7:52:11 p.m.] ✅ Servidor detectado. Primer sync...
[15/5/2026, 7:52:11 p.m.] 🔄 Iniciando sync (7 días)...
[15/5/2026, 7:52:13 p.m.]   ✅ Glowmmi: 146 órdenes, 8 días
[15/5/2026, 7:52:13 p.m.]   ✅ Balanceaa: 13 órdenes, 7 días
[15/5/2026, 7:52:13 p.m.]   📊 Total: 159 órdenes, 15 días sincronizados
[15/5/2026, 7:52:13 p.m.] ✅ Daemon activo. Próximo sync en 1 hora.
[15/5/2026, 8:48:00 p.m.] 🚀 Onnexa Sync Daemon iniciado
[15/5/2026, 8:48:00 p.m.]    Sync rápido: cada hora (3 días)
[15/5/2026, 8:48:00 p.m.]    Sync completo: cada 24 horas (30 días)
[15/5/2026, 8:48:02 p.m.] ✅ Servidor detectado. Primer sync...
[15/5/2026, 8:48:02 p.m.] 🔄 Iniciando sync (7 días)...
[15/5/2026, 8:48:03 p.m.]   ✅ Glowmmi: 146 órdenes, 7 días
[15/5/2026, 8:48:03 p.m.]   ✅ Balanceaa: 13 órdenes, 7 días
[15/5/2026, 8:48:03 p.m.]   📊 Total: 159 órdenes, 14 días sincronizados
[15/5/2026, 8:48:03 p.m.] ✅ Daemon activo. Próximo sync en 1 hora.
[15/5/2026, 8:56:25 p.m.] 🚀 Onnexa Sync Daemon iniciado
[15/5/2026, 8:56:25 p.m.]    Sync rápido: cada hora (3 días)
[15/5/2026, 8:56:25 p.m.]    Sync completo: cada 24 horas (30 días)
[15/5/2026, 8:56:28 p.m.] ✅ Servidor detectado. Primer sync...
[15/5/2026, 8:56:28 p.m.] 🔄 Iniciando sync (7 días)...
[15/5/2026, 8:56:30 p.m.]   ✅ Glowmmi: 146 órdenes, 7 días
[15/5/2026, 8:56:30 p.m.]   ✅ Balanceaa: 13 órdenes, 7 días
[15/5/2026, 8:56:30 p.m.]   📊 Total: 159 órdenes, 14 días sincronizados
[15/5/2026, 8:56:30 p.m.] ✅ Daemon activo. Próximo sync en 1 hora.
